[2025-11-30T14:20:05.620+0000] {taskinstance.py:1159} INFO - Dependencies all met for dep_context=non-requeueable deps ti=<TaskInstance: alt_churn.create_table manual__2025-11-30T14:20:02.734385+00:00 [queued]>
[2025-11-30T14:20:05.628+0000] {taskinstance.py:1159} INFO - Dependencies all met for dep_context=requeueable deps ti=<TaskInstance: alt_churn.create_table manual__2025-11-30T14:20:02.734385+00:00 [queued]>
[2025-11-30T14:20:05.629+0000] {taskinstance.py:1361} INFO - Starting attempt 1 of 1
[2025-11-30T14:20:05.690+0000] {taskinstance.py:1382} INFO - Executing <Task(PythonOperator): create_table> on 2025-11-30 14:20:02.734385+00:00
[2025-11-30T14:20:05.700+0000] {standard_task_runner.py:57} INFO - Started process 1259 to run task
[2025-11-30T14:20:05.709+0000] {standard_task_runner.py:84} INFO - Running: ['***', 'tasks', 'run', 'alt_churn', 'create_table', 'manual__2025-11-30T14:20:02.734385+00:00', '--job-id', '24', '--raw', '--subdir', 'DAGS_FOLDER/alt_churn.py', '--cfg-path', '/tmp/tmpd_s10rlm']
[2025-11-30T14:20:05.711+0000] {standard_task_runner.py:85} INFO - Job 24: Subtask create_table
[2025-11-30T14:20:05.779+0000] {task_command.py:416} INFO - Running <TaskInstance: alt_churn.create_table manual__2025-11-30T14:20:02.734385+00:00 [running]> on host 30420e39c818
[2025-11-30T14:20:05.895+0000] {taskinstance.py:1662} INFO - Exporting env vars: AIRFLOW_CTX_DAG_OWNER='***' AIRFLOW_CTX_DAG_ID='alt_churn' AIRFLOW_CTX_TASK_ID='create_table' AIRFLOW_CTX_EXECUTION_DATE='2025-11-30T14:20:02.734385+00:00' AIRFLOW_CTX_TRY_NUMBER='1' AIRFLOW_CTX_DAG_RUN_ID='manual__2025-11-30T14:20:02.734385+00:00'
[2025-11-30T14:20:05.911+0000] {base.py:73} INFO - Using connection ID 'destination_db' for task execution.
[2025-11-30T14:20:05.991+0000] {taskinstance.py:1937} ERROR - Task failed with exception
Traceback (most recent call last):
  File "/home/airflow/.local/lib/python3.10/site-packages/sqlalchemy/engine/base.py", line 1910, in _execute_context
    self.dialect.do_execute(
  File "/home/airflow/.local/lib/python3.10/site-packages/sqlalchemy/engine/default.py", line 736, in do_execute
    cursor.execute(statement, parameters)
psycopg2.errors.UniqueViolation: duplicate key value violates unique constraint "pg_type_typname_nsp_index"
DETAIL:  Key (typname, typnamespace)=(alt_users_churn, 2200) already exists.


The above exception was the direct cause of the following exception:

Traceback (most recent call last):
  File "/home/airflow/.local/lib/python3.10/site-packages/airflow/operators/python.py", line 192, in execute
    return_value = self.execute_callable()
  File "/home/airflow/.local/lib/python3.10/site-packages/airflow/operators/python.py", line 209, in execute_callable
    return self.python_callable(*self.op_args, **self.op_kwargs)
  File "/opt/airflow/plugins/steps/churn.py", line 45, in create_table
    metadata.create_all(db_conn)
  File "/home/airflow/.local/lib/python3.10/site-packages/sqlalchemy/sql/schema.py", line 4930, in create_all
    bind._run_ddl_visitor(
  File "/home/airflow/.local/lib/python3.10/site-packages/sqlalchemy/engine/base.py", line 3238, in _run_ddl_visitor
    conn._run_ddl_visitor(visitorcallable, element, **kwargs)
  File "/home/airflow/.local/lib/python3.10/site-packages/sqlalchemy/engine/base.py", line 2221, in _run_ddl_visitor
    visitorcallable(self.dialect, self, **kwargs).traverse_single(element)
  File "/home/airflow/.local/lib/python3.10/site-packages/sqlalchemy/sql/visitors.py", line 524, in traverse_single
    return meth(obj, **kw)
  File "/home/airflow/.local/lib/python3.10/site-packages/sqlalchemy/sql/ddl.py", line 855, in visit_metadata
    self.traverse_single(
  File "/home/airflow/.local/lib/python3.10/site-packages/sqlalchemy/sql/visitors.py", line 524, in traverse_single
    return meth(obj, **kw)
  File "/home/airflow/.local/lib/python3.10/site-packages/sqlalchemy/sql/ddl.py", line 899, in visit_table
    self.connection.execute(
  File "/home/airflow/.local/lib/python3.10/site-packages/sqlalchemy/engine/base.py", line 1385, in execute
    return meth(self, multiparams, params, _EMPTY_EXECUTION_OPTS)
  File "/home/airflow/.local/lib/python3.10/site-packages/sqlalchemy/sql/ddl.py", line 80, in _execute_on_connection
    return connection._execute_ddl(
  File "/home/airflow/.local/lib/python3.10/site-packages/sqlalchemy/engine/base.py", line 1477, in _execute_ddl
    ret = self._execute_context(
  File "/home/airflow/.local/lib/python3.10/site-packages/sqlalchemy/engine/base.py", line 1953, in _execute_context
    self._handle_dbapi_exception(
  File "/home/airflow/.local/lib/python3.10/site-packages/sqlalchemy/engine/base.py", line 2134, in _handle_dbapi_exception
    util.raise_(
  File "/home/airflow/.local/lib/python3.10/site-packages/sqlalchemy/util/compat.py", line 211, in raise_
    raise exception
  File "/home/airflow/.local/lib/python3.10/site-packages/sqlalchemy/engine/base.py", line 1910, in _execute_context
    self.dialect.do_execute(
  File "/home/airflow/.local/lib/python3.10/site-packages/sqlalchemy/engine/default.py", line 736, in do_execute
    cursor.execute(statement, parameters)
sqlalchemy.exc.IntegrityError: (psycopg2.errors.UniqueViolation) duplicate key value violates unique constraint "pg_type_typname_nsp_index"
DETAIL:  Key (typname, typnamespace)=(alt_users_churn, 2200) already exists.

[SQL: 
CREATE TABLE alt_users_churn (
	id SERIAL NOT NULL, 
	customer_id VARCHAR, 
	begin_date TIMESTAMP WITHOUT TIME ZONE, 
	end_date TIMESTAMP WITHOUT TIME ZONE, 
	type VARCHAR, 
	paperless_billing VARCHAR, 
	payment_method VARCHAR, 
	monthly_charges FLOAT, 
	total_charges FLOAT, 
	internet_service VARCHAR, 
	online_security VARCHAR, 
	online_backup VARCHAR, 
	device_protection VARCHAR, 
	tech_support VARCHAR, 
	streaming_tv VARCHAR, 
	streaming_movies VARCHAR, 
	gender VARCHAR, 
	senior_citizen INTEGER, 
	partner VARCHAR, 
	dependents VARCHAR, 
	multiple_lines VARCHAR, 
	target INTEGER, 
	PRIMARY KEY (id), 
	CONSTRAINT unique_customer_id_constraint_alt UNIQUE (customer_id)
)

]
(Background on this error at: https://sqlalche.me/e/14/gkpj)
[2025-11-30T14:20:06.035+0000] {taskinstance.py:1400} INFO - Marking task as FAILED. dag_id=alt_churn, task_id=create_table, execution_date=20251130T142002, start_date=20251130T142005, end_date=20251130T142006
[2025-11-30T14:20:06.096+0000] {standard_task_runner.py:104} ERROR - Failed to execute job 24 for task create_table ((psycopg2.errors.UniqueViolation) duplicate key value violates unique constraint "pg_type_typname_nsp_index"
DETAIL:  Key (typname, typnamespace)=(alt_users_churn, 2200) already exists.

[SQL: 
CREATE TABLE alt_users_churn (
	id SERIAL NOT NULL, 
	customer_id VARCHAR, 
	begin_date TIMESTAMP WITHOUT TIME ZONE, 
	end_date TIMESTAMP WITHOUT TIME ZONE, 
	type VARCHAR, 
	paperless_billing VARCHAR, 
	payment_method VARCHAR, 
	monthly_charges FLOAT, 
	total_charges FLOAT, 
	internet_service VARCHAR, 
	online_security VARCHAR, 
	online_backup VARCHAR, 
	device_protection VARCHAR, 
	tech_support VARCHAR, 
	streaming_tv VARCHAR, 
	streaming_movies VARCHAR, 
	gender VARCHAR, 
	senior_citizen INTEGER, 
	partner VARCHAR, 
	dependents VARCHAR, 
	multiple_lines VARCHAR, 
	target INTEGER, 
	PRIMARY KEY (id), 
	CONSTRAINT unique_customer_id_constraint_alt UNIQUE (customer_id)
)

]
(Background on this error at: https://sqlalche.me/e/14/gkpj); 1259)
[2025-11-30T14:20:06.125+0000] {local_task_job_runner.py:228} INFO - Task exited with return code 1
[2025-11-30T14:20:06.156+0000] {taskinstance.py:2778} INFO - 0 downstream tasks scheduled from follow-on schedule check
